<?xml version="1.0" encoding="UTF-8"?>
<!-- Generated by org.testng.reporters.JUnitReportReporter -->
<testsuite skipped="0" hostname="LAPTOP-2TN0UD4N" name="com.qa.HubSpot.Tests.loginPageTest" tests="4" failures="0" timestamp="9 Dec 2020 06:48:38 GMT" time="3.381" errors="0">
  <testcase name="verifyLoginTextTest" time="0.254" classname="com.qa.HubSpot.Tests.loginPageTest"/>
  <testcase name="forgotPwdTest" time="0.145" classname="com.qa.HubSpot.Tests.loginPageTest"/>
  <testcase name="loginTest" time="2.968" classname="com.qa.HubSpot.Tests.loginPageTest"/>
  <testcase name="verifyTitleTest" time="0.014" classname="com.qa.HubSpot.Tests.loginPageTest"/>
</testsuite> <!-- com.qa.HubSpot.Tests.loginPageTest -->
