<?xml version="1.0" encoding="UTF-8"?>
<!-- Generated by org.testng.reporters.JUnitReportReporter -->
<testsuite skipped="4" hostname="LAPTOP-2TN0UD4N" name="com.qa.phpTravels.Tests.loginPageTest" tests="4" failures="0" timestamp="20 Jan 2021 07:10:05 GMT" time="0.116" errors="0">
  <testcase name="verifyTitleTest" time="0.100" classname="com.qa.phpTravels.Tests.loginPageTest">
    <skipped/>
  </testcase> <!-- verifyTitleTest -->
  <testcase name="loginTest" time="0.006" classname="com.qa.phpTravels.Tests.loginPageTest">
    <skipped/>
  </testcase> <!-- loginTest -->
  <testcase name="verifyViewCartBtnTest" time="0.004" classname="com.qa.phpTravels.Tests.loginPageTest">
    <skipped/>
  </testcase> <!-- verifyViewCartBtnTest -->
  <testcase name="forgotPwdTest" time="0.006" classname="com.qa.phpTravels.Tests.loginPageTest">
    <skipped/>
  </testcase> <!-- forgotPwdTest -->
</testsuite> <!-- com.qa.phpTravels.Tests.loginPageTest -->
